<?xml version="1.0" encoding="UTF-8"?>
<!-- Generated by org.testng.reporters.JUnitReportReporter -->
<testsuite hostname="Mahesh" failures="0" tests="4" name="api.testcases.UserTest2" time="14.784" errors="0" timestamp="2024-05-01T10:03:17 IST" skipped="0">
  <testcase classname="api.testcases.UserTest2" name="testCreateUser" time="8.214"/>
  <testcase classname="api.testcases.UserTest2" name="testGetUser" time="1.540"/>
  <testcase classname="api.testcases.UserTest2" name="testUpdateUser" time="2.774"/>
  <testcase classname="api.testcases.UserTest2" name="testDeleteUser" time="2.256"/>
</testsuite> <!-- api.testcases.UserTest2 -->
