<?xml version="1.0" encoding="UTF-8"?>
<!-- Generated by org.testng.reporters.JUnitReportReporter -->
<testsuite hostname="Mahesh" failures="0" tests="12" name="api.testcases.UserTestDD" time="57.709" errors="0" timestamp="2024-05-01T08:17:12 IST" skipped="0">
  <testcase classname="api.testcases.UserTestDD" name="testCreateUser" time="1.331"/>
  <testcase classname="api.testcases.UserTestDD" name="testCreateUser" time="20.958"/>
  <testcase classname="api.testcases.UserTestDD" name="testCreateUser" time="1.579"/>
  <testcase classname="api.testcases.UserTestDD" name="testCreateUser" time="1.641"/>
  <testcase classname="api.testcases.UserTestDD" name="testGetUser" time="1.229"/>
  <testcase classname="api.testcases.UserTestDD" name="testGetUser" time="1.244"/>
  <testcase classname="api.testcases.UserTestDD" name="testGetUser" time="1.185"/>
  <testcase classname="api.testcases.UserTestDD" name="testGetUser" time="1.968"/>
  <testcase classname="api.testcases.UserTestDD" name="testDeleteUser" time="15.797"/>
  <testcase classname="api.testcases.UserTestDD" name="testDeleteUser" time="1.602"/>
  <testcase classname="api.testcases.UserTestDD" name="testDeleteUser" time="1.387"/>
  <testcase classname="api.testcases.UserTestDD" name="testDeleteUser" time="7.788"/>
</testsuite> <!-- api.testcases.UserTestDD -->
