<?xml version="1.0" encoding="UTF-8"?>
<!-- Generated by org.testng.reporters.JUnitReportReporter -->
<testsuite hostname="Mahesh" failures="0" tests="4" name="api.testcases.UserTest" time="11.939" errors="0" timestamp="2024-05-01T15:34:58 IST" skipped="0">
  <testcase classname="api.testcases.UserTest" name="testCreateUser" time="5.033"/>
  <testcase classname="api.testcases.UserTest" name="testGetUser" time="1.790"/>
  <testcase classname="api.testcases.UserTest" name="testUpdateUser" time="3.274"/>
  <testcase classname="api.testcases.UserTest" name="testDeleteUser" time="1.842"/>
</testsuite> <!-- api.testcases.UserTest -->
